<?xml version="1.0" encoding="UTF-8"?>
<testng-results skipped="0" failed="0" total="1" passed="1">
  <reporter-output>
  </reporter-output>
  <suite name="Default suite" duration-ms="780" started-at="2016-10-29T13:47:41Z" finished-at="2016-10-29T13:47:42Z">
    <groups>
    </groups>
    <test name="Default test" duration-ms="780" started-at="2016-10-29T13:47:41Z" finished-at="2016-10-29T13:47:42Z">
      <class name="test.sarwo.AppTester">
        <test-method status="PASS" signature="testApp()[pri:1, instance:test.sarwo.AppTester@6574b225]" name="testApp" duration-ms="765" started-at="2016-10-29T21:47:42Z" finished-at="2016-10-29T21:47:42Z">
          <reporter-output>
          </reporter-output>
        </test-method> <!-- testApp -->
      </class> <!-- test.sarwo.AppTester -->
    </test> <!-- Default test -->
  </suite> <!-- Default suite -->
</testng-results>
